# configure exec: ./configure --prefix=/Users/fon/nodejs-kafka-tut/node_modules/node-rdkafka/build/deps --libdir=/Users/fon/nodejs-kafka-tut/node_modules/node-rdkafka/build/deps --prefix=/Users/fon/nodejs-kafka-tut/node_modules/node-rdkafka/build/deps --libdir=/Users/fon/nodejs-kafka-tut/node_modules/node-rdkafka/build/deps
# On Sat Aug 13 11:20:55 WAT 2022
DBG 6125: Setting distro (distro) status to ok (action ignore)
DBG 6125: ccenv: WITH_CC:  --version failed: mklove/modules/configure.base: line 1798: --version: command not found
DBG 6125: Setting ccenv (ccenv) status to failed (action cont)
DBG 6125: Check ccenv (WITH_CC, action cont (originally cont)) failed: command ' --version' failed:
mklove/modules/configure.base: line 1798: --version: command not found
DBG 6125: Setting gcc (gcc) status to ok (action cont)
DBG 6125: cxxenv: WITH_CXX:  --version failed: mklove/modules/configure.base: line 1798: --version: command not found
DBG 6125: Setting cxxenv (cxxenv) status to failed (action cont)
DBG 6125: Check cxxenv (WITH_CXX, action cont (originally cont)) failed: command ' --version' failed:
mklove/modules/configure.base: line 1798: --version: command not found
DBG 6125: Setting gxx (gxx) status to ok (action cont)
DBG 6125: Setting ld (ld) status to ok (action disable)
DBG 6125: Setting nm (nm) status to ok (action disable)
DBG 6125: Setting objdump (objdump) status to ok (action disable)
DBG 6125: Setting strip (strip) status to ok (action disable)
DBG 6125: Setting libtool (libtool) status to ok (action disable)
DBG 6125: Setting ranlib (ranlib) status to ok (action disable)
DBG 6125: Compile check cc_g_dwarf () (sub=0): gcc   -Wall -Werror _mkltmpHU2HrA.c -o _mkltmpHU2HrA.c.o  -L/Users/fon/nodejs-kafka-tut/node_modules/node-rdkafka/build/deps -gstrict-dwarf
DBG 6125: Setting cc_g_dwarf (cc_g_dwarf) status to ok (action cont)
DBG 6125: pkgconfig: WITH_PKGCONFIG: pkg-config --version failed: mklove/modules/configure.base: line 1798: pkg-config: command not found
DBG 6125: Setting pkgconfig (pkgconfig) status to failed (action cont)
DBG 6125: Check pkgconfig (WITH_PKGCONFIG, action cont (originally cont)) failed: command 'pkg-config --version' failed:
mklove/modules/configure.base: line 1798: pkg-config: command not found
DBG 6125: install: WITH_INSTALL: install --version failed: install: illegal option -- -
usage: install [-bCcpSsv] [-B suffix] [-f flags] [-g group] [-m mode]
               [-o owner] file1 file2
       install [-bCcpSsv] [-B suffix] [-f flags] [-g group] [-m mode]
               [-o owner] file1 ... fileN directory
       install -d [-v] [-g group] [-m mode] [-o owner] directory ...
DBG 6125: Setting install (install) status to failed (action cont)
DBG 6125: Check install (WITH_INSTALL, action cont (originally cont)) failed: command 'install --version' failed:
install: illegal option -- -
usage: install [-bCcpSsv] [-B suffix] [-f flags] [-g group] [-m mode]
               [-o owner] file1 file2
       install [-bCcpSsv] [-B suffix] [-f flags] [-g group] [-m mode]
               [-o owner] file1 ... fileN directory
       install -d [-v] [-g group] [-m mode] [-o owner] directory ...
DBG 6125: gnuar: HAS_GNU_AR: ar -V 2>/dev/null | grep -q GNU failed: ar: one of options -dmpqrtsx is required
usage:  ar -d [-TLsv] archive file ...
	ar -m [-TLsv] archive file ...
	ar -m [-abiTLsv] position archive file ...
	ar -p [-TLsv] archive [file ...]
	ar -q [-cTLsv] archive file ...
	ar -r [-cuTLsv] archive file ...
	ar -r [-abciuTLsv] position archive file ...
	ar -t [-TLsv] archive [file ...]
	ar -x [-ouTLsv] archive [file ...]
DBG 6125: Setting gnuar (gnuar) status to failed (action disable)
DBG 6125: Check gnuar (HAS_GNU_AR, action disable (originally disable)) failed: command 'ar -V 2>/dev/null | grep -q GNU' failed:
ar: one of options -dmpqrtsx is required
usage:  ar -d [-TLsv] archive file ...
	ar -m [-TLsv] archive file ...
	ar -m [-abiTLsv] position archive file ...
	ar -p [-TLsv] archive [file ...]
	ar -q [-cTLsv] archive file ...
	ar -r [-cuTLsv] archive file ...
	ar -r [-abciuTLsv] position archive file ...
	ar -t [-TLsv] archive [file ...]
	ar -x [-ouTLsv] archive [file ...]
DBG 6125: Compile check PIC (HAVE_PIC) (sub=0): gcc  -gstrict-dwarf -O2 -Wall -Werror _mkltmprReWjp.c -o _mkltmprReWjp.c.o  -L/Users/fon/nodejs-kafka-tut/node_modules/node-rdkafka/build/deps -fPIC
DBG 6125: Setting PIC (PIC) status to ok (action disable)
DBG 6125: Compile check gnulib (WITH_GNULD) (sub=0): gcc  -gstrict-dwarf -O2 -fPIC -Wall -Werror _mkltmpL7SJae.c -o _mkltmpL7SJae.c.o  -L/Users/fon/nodejs-kafka-tut/node_modules/node-rdkafka/build/deps -shared -Wl,-soname,mkltest.0
DBG 6125: compile check for gnulib (WITH_GNULD) failed: gcc  -gstrict-dwarf -O2 -fPIC -Wall -Werror _mkltmpL7SJae.c -o _mkltmpL7SJae.c.o  -L/Users/fon/nodejs-kafka-tut/node_modules/node-rdkafka/build/deps -shared -Wl,-soname,mkltest.0: ld: unknown option: -soname
clang: error: linker command failed with exit code 1 (use -v to see invocation)
DBG 6125: Setting gnulib (gnulib) status to failed (action cont)
DBG 6125: Check gnulib (WITH_GNULD, action cont (originally cont)) failed: compile check failed:
CC: CC
flags: -shared -Wl,-soname,mkltest.0
gcc  -gstrict-dwarf -O2 -fPIC -Wall -Werror _mkltmpL7SJae.c -o _mkltmpL7SJae.c.o  -L/Users/fon/nodejs-kafka-tut/node_modules/node-rdkafka/build/deps -shared -Wl,-soname,mkltest.0:
ld: unknown option: -soname
clang: error: linker command failed with exit code 1 (use -v to see invocation)
source: 
DBG 6125: Compile check osxlib (WITH_OSXLD) (sub=0): gcc  -gstrict-dwarf -O2 -fPIC -Wall -Werror _mkltmpoDwH0I.c -o _mkltmpoDwH0I.c.o  -L/Users/fon/nodejs-kafka-tut/node_modules/node-rdkafka/build/deps -dynamiclib -Wl,-install_name,/tmp/mkltest.so.0
DBG 6125: Setting osxlib (osxlib) status to ok (action cont)
DBG 6125: Compile check ldsflagvs () (sub=0): gcc  -gstrict-dwarf -O2 -fPIC -Wall -Werror _mkltmpL4jBqf.c -o _mkltmpL4jBqf.c.o  -L/Users/fon/nodejs-kafka-tut/node_modules/node-rdkafka/build/deps -shared -Wl,--version-script=_mkltmpanq4OV
DBG 6125: compile check for ldsflagvs () failed: gcc  -gstrict-dwarf -O2 -fPIC -Wall -Werror _mkltmpL4jBqf.c -o _mkltmpL4jBqf.c.o  -L/Users/fon/nodejs-kafka-tut/node_modules/node-rdkafka/build/deps -shared -Wl,--version-script=_mkltmpanq4OV: ld: unknown option: --version-script=_mkltmpanq4OV
clang: error: linker command failed with exit code 1 (use -v to see invocation)
DBG 6125: Setting ldsflagvs (ldsflagvs) status to failed (action cont)
DBG 6125: Check ldsflagvs (, action cont (originally cont)) failed: compile check failed:
CC: CC
flags: -shared -Wl,--version-script=_mkltmpanq4OV
gcc  -gstrict-dwarf -O2 -fPIC -Wall -Werror _mkltmpL4jBqf.c -o _mkltmpL4jBqf.c.o  -L/Users/fon/nodejs-kafka-tut/node_modules/node-rdkafka/build/deps -shared -Wl,--version-script=_mkltmpanq4OV:
ld: unknown option: --version-script=_mkltmpanq4OV
clang: error: linker command failed with exit code 1 (use -v to see invocation)
source: 
DBG 6125: Compile check ldsflagm () (sub=0): gcc  -gstrict-dwarf -O2 -fPIC -Wall -Werror _mkltmpiJJSLy.c -o _mkltmpiJJSLy.c.o  -L/Users/fon/nodejs-kafka-tut/node_modules/node-rdkafka/build/deps -shared -Wl,-M_mkltmpanq4OV
DBG 6125: compile check for ldsflagm () failed: gcc  -gstrict-dwarf -O2 -fPIC -Wall -Werror _mkltmpiJJSLy.c -o _mkltmpiJJSLy.c.o  -L/Users/fon/nodejs-kafka-tut/node_modules/node-rdkafka/build/deps -shared -Wl,-M_mkltmpanq4OV: ld: unknown option: -M_mkltmpanq4OV
clang: error: linker command failed with exit code 1 (use -v to see invocation)
DBG 6125: Setting ldsflagm (ldsflagm) status to failed (action ignore)
DBG 6125: Check ldsflagm (, action ignore (originally ignore)) failed: compile check failed:
CC: CC
flags: -shared -Wl,-M_mkltmpanq4OV
gcc  -gstrict-dwarf -O2 -fPIC -Wall -Werror _mkltmpiJJSLy.c -o _mkltmpiJJSLy.c.o  -L/Users/fon/nodejs-kafka-tut/node_modules/node-rdkafka/build/deps -shared -Wl,-M_mkltmpanq4OV:
ld: unknown option: -M_mkltmpanq4OV
clang: error: linker command failed with exit code 1 (use -v to see invocation)
source: 
DBG 6125: Compile check __atomic_32 (HAVE_ATOMICS_32) (sub=0): gcc  -gstrict-dwarf -O2 -fPIC -Wall -Werror _mkltmpsCqgpo.c -o _mkltmpsCqgpo.c.o  -L/Users/fon/nodejs-kafka-tut/node_modules/node-rdkafka/build/deps 
DBG 6125: Setting __atomic_32 (__atomic_32) status to ok (action cont)
DBG 6125: Compile check __atomic_64 (HAVE_ATOMICS_64) (sub=0): gcc  -gstrict-dwarf -O2 -fPIC -Wall -Werror _mkltmpOB9oum.c -o _mkltmpOB9oum.c.o  -L/Users/fon/nodejs-kafka-tut/node_modules/node-rdkafka/build/deps 
DBG 6125: Setting __atomic_64 (__atomic_64) status to ok (action cont)
DBG 6125: Compile check socket () (sub=0): gcc  -gstrict-dwarf -O2 -fPIC -Wall -Wsign-compare -Wfloat-equal -Wpointer-arith -Wcast-align -Wall -Werror _mkltmpGX7xlJ.c -o _mkltmpGX7xlJ.c.o  -L/Users/fon/nodejs-kafka-tut/node_modules/node-rdkafka/build/deps 
DBG 6125: Setting socket (socket) status to ok (action cont)
DBG 6125: Setting parseversion (parseversion) status to ok (action cont)
DBG 6125: librt: Check for static library (libs -lrt, arfile variable STATIC_LIB_librt=, static filenames )
DBG 6125: Compile check librt () (sub=0): gcc  -gstrict-dwarf -O2 -fPIC -Wall -Wsign-compare -Wfloat-equal -Wpointer-arith -Wcast-align -Wall -Werror _mkltmp1vrL9u.c -o _mkltmp1vrL9u.c.o  -L/Users/fon/nodejs-kafka-tut/node_modules/node-rdkafka/build/deps -lrt
DBG 6125: compile check for librt () failed: gcc  -gstrict-dwarf -O2 -fPIC -Wall -Wsign-compare -Wfloat-equal -Wpointer-arith -Wcast-align -Wall -Werror _mkltmp1vrL9u.c -o _mkltmp1vrL9u.c.o  -L/Users/fon/nodejs-kafka-tut/node_modules/node-rdkafka/build/deps -lrt: ld: library not found for -lrt
clang: error: linker command failed with exit code 1 (use -v to see invocation)
DBG 6125: Setting librt (librt) status to failed (action cont)
DBG 6125: Check librt (, action cont (originally cont)) failed: compile check failed:
CC: CC
flags: -lrt
gcc  -gstrict-dwarf -O2 -fPIC -Wall -Wsign-compare -Wfloat-equal -Wpointer-arith -Wcast-align -Wall -Werror _mkltmp1vrL9u.c -o _mkltmp1vrL9u.c.o  -L/Users/fon/nodejs-kafka-tut/node_modules/node-rdkafka/build/deps -lrt:
ld: library not found for -lrt
clang: error: linker command failed with exit code 1 (use -v to see invocation)
source: 
DBG 6125: libpthread: Check for static library (libs -lpthread, arfile variable STATIC_LIB_libpthread=, static filenames )
DBG 6125: Compile check libpthread () (sub=0): gcc  -gstrict-dwarf -O2 -fPIC -Wall -Wsign-compare -Wfloat-equal -Wpointer-arith -Wcast-align -Wall -Werror _mkltmp2a0AKt.c -o _mkltmp2a0AKt.c.o  -L/Users/fon/nodejs-kafka-tut/node_modules/node-rdkafka/build/deps -lpthread
DBG 6125: Setting libpthread (libpthread) status to ok (action fail)
DBG 6125: libpthread: from lib_check: LIBS: prepend -lpthread
DBG 6125: c11threads: Check for static library (libs -lpthread, arfile variable STATIC_LIB_c11threads=, static filenames )
DBG 6125: Compile check c11threads (WITH_C11THREADS) (sub=0): gcc  -gstrict-dwarf -O2 -fPIC -Wall -Wsign-compare -Wfloat-equal -Wpointer-arith -Wcast-align -Wall -Werror _mkltmpjEz4s8.c -o _mkltmpjEz4s8.c.o  -L/Users/fon/nodejs-kafka-tut/node_modules/node-rdkafka/build/deps -lpthread
DBG 6125: compile check for c11threads (WITH_C11THREADS) failed: gcc  -gstrict-dwarf -O2 -fPIC -Wall -Wsign-compare -Wfloat-equal -Wpointer-arith -Wcast-align -Wall -Werror _mkltmpjEz4s8.c -o _mkltmpjEz4s8.c.o  -L/Users/fon/nodejs-kafka-tut/node_modules/node-rdkafka/build/deps -lpthread: _mkltmpjEz4s8.c:2:10: fatal error: 'threads.h' file not found
#include <threads.h>
         ^~~~~~~~~~~
1 error generated.
DBG 6125: Setting c11threads (c11threads) status to failed (action disable)
DBG 6125: Check c11threads (WITH_C11THREADS, action disable (originally disable)) failed: compile check failed:
CC: CC
flags: -lpthread
gcc  -gstrict-dwarf -O2 -fPIC -Wall -Wsign-compare -Wfloat-equal -Wpointer-arith -Wcast-align -Wall -Werror _mkltmpjEz4s8.c -o _mkltmpjEz4s8.c.o  -L/Users/fon/nodejs-kafka-tut/node_modules/node-rdkafka/build/deps -lpthread:
_mkltmpjEz4s8.c:2:10: fatal error: 'threads.h' file not found
#include <threads.h>
         ^~~~~~~~~~~
1 error generated.
source: 
#include <threads.h>


static int start_func (void *arg) {
   int iarg = *(int *)arg;
   return iarg;
}

void foo (void) {
    thrd_t thr;
    int arg = 1;
    if (thrd_create(&thr, start_func, (void *)&arg) != thrd_success) {
      ;
    }
}

DBG 6125: libdl: Check for static library (libs -ldl, arfile variable STATIC_LIB_libdl=, static filenames )
DBG 6125: Compile check libdl (WITH_LIBDL) (sub=0): gcc  -gstrict-dwarf -O2 -fPIC -Wall -Wsign-compare -Wfloat-equal -Wpointer-arith -Wcast-align -Wall -Werror _mkltmpqGQ0qo.c -o _mkltmpqGQ0qo.c.o  -L/Users/fon/nodejs-kafka-tut/node_modules/node-rdkafka/build/deps -ldl
DBG 6125: Setting libdl (libdl) status to ok (action disable)
DBG 6125: libdl: from lib_check: LIBS: prepend -ldl
DBG 6125: zlib: Check for static library (libs -lz, arfile variable STATIC_LIB_zlib=, static filenames libz.a)
DBG 6125: Compile check zlib (WITH_ZLIB) (sub=0): gcc  -gstrict-dwarf -O2 -fPIC -Wall -Wsign-compare -Wfloat-equal -Wpointer-arith -Wcast-align -Wall -Werror _mkltmp1Dq7mN.c -o _mkltmp1Dq7mN.c.o  -L/Users/fon/nodejs-kafka-tut/node_modules/node-rdkafka/build/deps -lz
DBG 6125: Setting zlib (zlib) status to ok (action disable)
DBG 6125: zlib: from lib_check: LIBS: prepend -lz
DBG 6125: libcrypto: Check for static library (libs -lcrypto, arfile variable STATIC_LIB_libcrypto=, static filenames libcrypto.a)
DBG 6125: Compile check libcrypto () (sub=0): gcc  -gstrict-dwarf -O2 -fPIC -Wall -Wsign-compare -Wfloat-equal -Wpointer-arith -Wcast-align -Wall -Werror _mkltmpVaGBXo.c -o _mkltmpVaGBXo.c.o  -L/Users/fon/nodejs-kafka-tut/node_modules/node-rdkafka/build/deps -lcrypto
DBG 6125: compile check for libcrypto () failed: gcc  -gstrict-dwarf -O2 -fPIC -Wall -Wsign-compare -Wfloat-equal -Wpointer-arith -Wcast-align -Wall -Werror _mkltmpVaGBXo.c -o _mkltmpVaGBXo.c.o  -L/Users/fon/nodejs-kafka-tut/node_modules/node-rdkafka/build/deps -lcrypto: _mkltmpVaGBXo.c:2:10: fatal error: 'openssl/ssl.h' file not found
#include <openssl/ssl.h>
         ^~~~~~~~~~~~~~~
1 error generated.
DBG 6125: Setting libcrypto (libcrypto) status to failed (action disable)
DBG 6125: Check libcrypto (, action disable (originally disable)) failed: compile check failed:
CC: CC
flags: -lcrypto
gcc  -gstrict-dwarf -O2 -fPIC -Wall -Wsign-compare -Wfloat-equal -Wpointer-arith -Wcast-align -Wall -Werror _mkltmpVaGBXo.c -o _mkltmpVaGBXo.c.o  -L/Users/fon/nodejs-kafka-tut/node_modules/node-rdkafka/build/deps -lcrypto:
_mkltmpVaGBXo.c:2:10: fatal error: 'openssl/ssl.h' file not found
#include <openssl/ssl.h>
         ^~~~~~~~~~~~~~~
1 error generated.
source: 
#include <openssl/ssl.h>
#include <openssl/evp.h>
#if OPENSSL_VERSION_NUMBER < 0x1000100fL
#error "Requires OpenSSL version >= v1.0.1"
#endif
DBG 6125: libsasl2: Check for static library (libs -lsasl2, arfile variable STATIC_LIB_libsasl2=, static filenames )
DBG 6125: Compile check libsasl2 (WITH_SASL_CYRUS) (sub=0): gcc  -gstrict-dwarf -O2 -fPIC -Wall -Wsign-compare -Wfloat-equal -Wpointer-arith -Wcast-align -Wall -Werror _mkltmp2qSDMM.c -o _mkltmp2qSDMM.c.o  -L/Users/fon/nodejs-kafka-tut/node_modules/node-rdkafka/build/deps -lsasl2
DBG 6125: Setting libsasl2 (libsasl2) status to ok (action disable)
DBG 6125: libsasl2: from lib_check: LIBS: prepend -lsasl2
DBG 6125: libzstd: Check for static library (libs -lzstd, arfile variable STATIC_LIB_libzstd=, static filenames libzstd.a)
DBG 6125: Compile check libzstd (WITH_ZSTD) (sub=0): gcc  -gstrict-dwarf -O2 -fPIC -Wall -Wsign-compare -Wfloat-equal -Wpointer-arith -Wcast-align -Wall -Werror _mkltmpka543w.c -o _mkltmpka543w.c.o  -L/Users/fon/nodejs-kafka-tut/node_modules/node-rdkafka/build/deps -lzstd
DBG 6125: compile check for libzstd (WITH_ZSTD) failed: gcc  -gstrict-dwarf -O2 -fPIC -Wall -Wsign-compare -Wfloat-equal -Wpointer-arith -Wcast-align -Wall -Werror _mkltmpka543w.c -o _mkltmpka543w.c.o  -L/Users/fon/nodejs-kafka-tut/node_modules/node-rdkafka/build/deps -lzstd: _mkltmpka543w.c:2:10: fatal error: 'zstd.h' file not found
#include <zstd.h>
         ^~~~~~~~
1 error generated.
DBG 6125: Setting libzstd (libzstd) status to failed (action disable)
DBG 6125: Check libzstd (WITH_ZSTD, action disable (originally disable)) failed: compile check failed:
CC: CC
flags: -lzstd
gcc  -gstrict-dwarf -O2 -fPIC -Wall -Wsign-compare -Wfloat-equal -Wpointer-arith -Wcast-align -Wall -Werror _mkltmpka543w.c -o _mkltmpka543w.c.o  -L/Users/fon/nodejs-kafka-tut/node_modules/node-rdkafka/build/deps -lzstd:
_mkltmpka543w.c:2:10: fatal error: 'zstd.h' file not found
#include <zstd.h>
         ^~~~~~~~
1 error generated.
source: 
#include <zstd.h>
#include <zstd_errors.h>

void foo (void) {
     ZSTD_getFrameContentSize(NULL, 0);
}

DBG 6125: libm: Check for static library (libs -lm, arfile variable STATIC_LIB_libm=, static filenames )
DBG 6125: Compile check libm () (sub=0): gcc  -gstrict-dwarf -O2 -fPIC -Wall -Wsign-compare -Wfloat-equal -Wpointer-arith -Wcast-align -Wall -Werror _mkltmpVQAKjw.c -o _mkltmpVQAKjw.c.o  -L/Users/fon/nodejs-kafka-tut/node_modules/node-rdkafka/build/deps -lm
DBG 6125: Setting libm (libm) status to ok (action disable)
DBG 6125: libm: from lib_check: LIBS: prepend -lm
DBG 6125: liblz4: Check for static library (libs -llz4, arfile variable STATIC_LIB_liblz4=, static filenames liblz4.a)
DBG 6125: Compile check liblz4 (WITH_LZ4_EXT) (sub=0): gcc  -gstrict-dwarf -O2 -fPIC -Wall -Wsign-compare -Wfloat-equal -Wpointer-arith -Wcast-align -Wall -Werror _mkltmpkfU18i.c -o _mkltmpkfU18i.c.o  -L/Users/fon/nodejs-kafka-tut/node_modules/node-rdkafka/build/deps -llz4
DBG 6125: compile check for liblz4 (WITH_LZ4_EXT) failed: gcc  -gstrict-dwarf -O2 -fPIC -Wall -Wsign-compare -Wfloat-equal -Wpointer-arith -Wcast-align -Wall -Werror _mkltmpkfU18i.c -o _mkltmpkfU18i.c.o  -L/Users/fon/nodejs-kafka-tut/node_modules/node-rdkafka/build/deps -llz4: _mkltmpkfU18i.c:1:10: fatal error: 'lz4frame.h' file not found
#include <lz4frame.h>
         ^~~~~~~~~~~~
1 error generated.
DBG 6125: Setting liblz4 (liblz4) status to failed (action disable)
DBG 6125: Check liblz4 (WITH_LZ4_EXT, action disable (originally disable)) failed: compile check failed:
CC: CC
flags: -llz4
gcc  -gstrict-dwarf -O2 -fPIC -Wall -Wsign-compare -Wfloat-equal -Wpointer-arith -Wcast-align -Wall -Werror _mkltmpkfU18i.c -o _mkltmpkfU18i.c.o  -L/Users/fon/nodejs-kafka-tut/node_modules/node-rdkafka/build/deps -llz4:
_mkltmpkfU18i.c:1:10: fatal error: 'lz4frame.h' file not found
#include <lz4frame.h>
         ^~~~~~~~~~~~
1 error generated.
source: #include <lz4frame.h>
DBG 6125: Compile check syslog (WITH_SYSLOG) (sub=0): gcc  -gstrict-dwarf -O2 -fPIC -Wall -Wsign-compare -Wfloat-equal -Wpointer-arith -Wcast-align -Wall -Werror _mkltmpf3jpC8.c -o _mkltmpf3jpC8.c.o  -L/Users/fon/nodejs-kafka-tut/node_modules/node-rdkafka/build/deps 
DBG 6125: Setting syslog (syslog) status to ok (action disable)
DBG 6125: Compile check rapidjson (WITH_RAPIDJSON) (sub=0): g++  -gstrict-dwarf -O2 -fPIC -Wall -Wsign-compare -Wfloat-equal -Wpointer-arith -Wcast-align -Wall -Werror _mkltmpGIPwTC.cpp -o _mkltmpGIPwTC.cpp.o  -L/Users/fon/nodejs-kafka-tut/node_modules/node-rdkafka/build/deps 
DBG 6125: compile check for rapidjson (WITH_RAPIDJSON) failed: g++  -gstrict-dwarf -O2 -fPIC -Wall -Wsign-compare -Wfloat-equal -Wpointer-arith -Wcast-align -Wall -Werror _mkltmpGIPwTC.cpp -o _mkltmpGIPwTC.cpp.o  -L/Users/fon/nodejs-kafka-tut/node_modules/node-rdkafka/build/deps : _mkltmpGIPwTC.cpp:1:10: fatal error: 'rapidjson/schema.h' file not found
#include <rapidjson/schema.h>
         ^~~~~~~~~~~~~~~~~~~~
1 error generated.
DBG 6125: Setting rapidjson (rapidjson) status to failed (action disable)
DBG 6125: Check rapidjson (WITH_RAPIDJSON, action disable (originally disable)) failed: compile check failed:
CC: CXX
flags: 
g++  -gstrict-dwarf -O2 -fPIC -Wall -Wsign-compare -Wfloat-equal -Wpointer-arith -Wcast-align -Wall -Werror _mkltmpGIPwTC.cpp -o _mkltmpGIPwTC.cpp.o  -L/Users/fon/nodejs-kafka-tut/node_modules/node-rdkafka/build/deps :
_mkltmpGIPwTC.cpp:1:10: fatal error: 'rapidjson/schema.h' file not found
#include <rapidjson/schema.h>
         ^~~~~~~~~~~~~~~~~~~~
1 error generated.
source: #include <rapidjson/schema.h>
DBG 6125: Compile check crc32chw (WITH_CRC32C_HW) (sub=0): gcc  -gstrict-dwarf -O2 -fPIC -Wall -Wsign-compare -Wfloat-equal -Wpointer-arith -Wcast-align -Wall -Werror _mkltmpAIAWDw.c -o _mkltmpAIAWDw.c.o  -L/Users/fon/nodejs-kafka-tut/node_modules/node-rdkafka/build/deps 
DBG 6125: Setting crc32chw (crc32chw) status to ok (action disable)
DBG 6125: Compile check regex (HAVE_REGEX) (sub=0): gcc  -gstrict-dwarf -O2 -fPIC -Wall -Wsign-compare -Wfloat-equal -Wpointer-arith -Wcast-align -Wall -Werror _mkltmp47CmMJ.c -o _mkltmp47CmMJ.c.o  -L/Users/fon/nodejs-kafka-tut/node_modules/node-rdkafka/build/deps 
DBG 6125: Setting regex (regex) status to ok (action disable)
DBG 6125: Compile check rand_r (HAVE_RAND_R) (sub=0): gcc  -gstrict-dwarf -O2 -fPIC -Wall -Wsign-compare -Wfloat-equal -Wpointer-arith -Wcast-align -Wall -Werror _mkltmptgH7Sq.c -o _mkltmptgH7Sq.c.o  -L/Users/fon/nodejs-kafka-tut/node_modules/node-rdkafka/build/deps 
DBG 6125: Setting rand_r (rand_r) status to ok (action disable)
DBG 6125: Compile check strndup (HAVE_STRNDUP) (sub=0): gcc  -gstrict-dwarf -O2 -fPIC -Wall -Wsign-compare -Wfloat-equal -Wpointer-arith -Wcast-align -Wall -Werror _mkltmpEG0MXR.c -o _mkltmpEG0MXR.c.o  -L/Users/fon/nodejs-kafka-tut/node_modules/node-rdkafka/build/deps 
DBG 6125: Setting strndup (strndup) status to ok (action disable)
DBG 6125: Compile check strlcpy (HAVE_STRLCPY) (sub=0): gcc  -gstrict-dwarf -O2 -fPIC -Wall -Wsign-compare -Wfloat-equal -Wpointer-arith -Wcast-align -Wall -Werror _mkltmpksNIXT.c -o _mkltmpksNIXT.c.o  -L/Users/fon/nodejs-kafka-tut/node_modules/node-rdkafka/build/deps 
DBG 6125: Setting strlcpy (strlcpy) status to ok (action disable)
DBG 6125: Compile check strerror_r (HAVE_STRERROR_R) (sub=0): gcc  -gstrict-dwarf -O2 -fPIC -Wall -Wsign-compare -Wfloat-equal -Wpointer-arith -Wcast-align -Wall -Werror _mkltmp3Zeb57.c -o _mkltmp3Zeb57.c.o  -L/Users/fon/nodejs-kafka-tut/node_modules/node-rdkafka/build/deps 
DBG 6125: Setting strerror_r (strerror_r) status to ok (action disable)
DBG 6125: Compile check strcasestr (HAVE_STRCASESTR) (sub=0): gcc  -gstrict-dwarf -O2 -fPIC -Wall -Wsign-compare -Wfloat-equal -Wpointer-arith -Wcast-align -Wall -Werror _mkltmpow9QOG.c -o _mkltmpow9QOG.c.o  -L/Users/fon/nodejs-kafka-tut/node_modules/node-rdkafka/build/deps 
DBG 6125: Setting strcasestr (strcasestr) status to ok (action disable)
DBG 6125: Compile check pthread_setname_gnu (HAVE_PTHREAD_SETNAME_GNU) (sub=0): gcc  -gstrict-dwarf -O2 -fPIC -Wall -Wsign-compare -Wfloat-equal -Wpointer-arith -Wcast-align -Wall -Werror _mkltmp5Coehc.c -o _mkltmp5Coehc.c.o  -L/Users/fon/nodejs-kafka-tut/node_modules/node-rdkafka/build/deps -D_GNU_SOURCE -lpthread
DBG 6125: compile check for pthread_setname_gnu (HAVE_PTHREAD_SETNAME_GNU) failed: gcc  -gstrict-dwarf -O2 -fPIC -Wall -Wsign-compare -Wfloat-equal -Wpointer-arith -Wcast-align -Wall -Werror _mkltmp5Coehc.c -o _mkltmp5Coehc.c.o  -L/Users/fon/nodejs-kafka-tut/node_modules/node-rdkafka/build/deps -D_GNU_SOURCE -lpthread: _mkltmp5Coehc.c:5:38: error: too many arguments to function call, expected 1, have 2
  pthread_setname_np(pthread_self(), "abc");
  ~~~~~~~~~~~~~~~~~~                 ^~~~~
/Library/Developer/CommandLineTools/SDKs/MacOSX.sdk/usr/include/pthread.h:535:5: note: 'pthread_setname_np' declared here
int     pthread_setname_np(const char*);
        ^
1 error generated.
DBG 6125: Setting pthread_setname_gnu (pthread_setname_gnu) status to failed (action disable)
DBG 6125: Check pthread_setname_gnu (HAVE_PTHREAD_SETNAME_GNU, action disable (originally disable)) failed: compile check failed:
CC: CC
flags: -D_GNU_SOURCE -lpthread
gcc  -gstrict-dwarf -O2 -fPIC -Wall -Wsign-compare -Wfloat-equal -Wpointer-arith -Wcast-align -Wall -Werror _mkltmp5Coehc.c -o _mkltmp5Coehc.c.o  -L/Users/fon/nodejs-kafka-tut/node_modules/node-rdkafka/build/deps -D_GNU_SOURCE -lpthread:
_mkltmp5Coehc.c:5:38: error: too many arguments to function call, expected 1, have 2
  pthread_setname_np(pthread_self(), "abc");
  ~~~~~~~~~~~~~~~~~~                 ^~~~~
/Library/Developer/CommandLineTools/SDKs/MacOSX.sdk/usr/include/pthread.h:535:5: note: 'pthread_setname_np' declared here
int     pthread_setname_np(const char*);
        ^
1 error generated.
source: 
#include <pthread.h>

void foo (void) {
  pthread_setname_np(pthread_self(), "abc");
}

DBG 6125: Compile check pthread_setname_darwin (HAVE_PTHREAD_SETNAME_DARWIN) (sub=0): gcc  -gstrict-dwarf -O2 -fPIC -Wall -Wsign-compare -Wfloat-equal -Wpointer-arith -Wcast-align -Wall -Werror _mkltmphWaVJU.c -o _mkltmphWaVJU.c.o  -L/Users/fon/nodejs-kafka-tut/node_modules/node-rdkafka/build/deps -D_DARWIN_C_SOURCE -lpthread
DBG 6125: Setting pthread_setname_darwin (pthread_setname_darwin) status to ok (action disable)
DBG 6125: Setting nm (nm) status to ok (action cont)
DBG 6125: Compile check getrusage (HAVE_GETRUSAGE) (sub=0): gcc  -gstrict-dwarf -O2 -fPIC -Wall -Wsign-compare -Wfloat-equal -Wpointer-arith -Wcast-align -Wall -Werror _mkltmp81HCOa.c -o _mkltmp81HCOa.c.o  -L/Users/fon/nodejs-kafka-tut/node_modules/node-rdkafka/build/deps 
DBG 6125: Setting getrusage (getrusage) status to ok (action disable)
